4.4677 	INFO 	--- SESSION START: __ ---
4.4677 	INFO 	Timestamp: 2026_03_23_10_14
4.4698 	INFO 	Configuration loaded successfully from 'config.yaml'.
4.4698 	INFO 	--- CONFIGURATION CONTENT ---
{
    "Stimulus": {
        "arrows": [
            "\u2197"
        ]
    },
    "feedback_color": "white",
    "feedback_size": 24,
    "feedback_text": {
        "false": "Error!",
        "true": "Correct!"
    },
    "feedback_time": 1,
    "fixation_color": "white",
    "fixation_size": 40,
    "fixation_text": "+",
    "instruction_color": "white",
    "instruction_font": "Windings",
    "instruction_text_size": 24,
    "instruction_wrap_width": 800,
    "monitor_distance": 60.0,
    "monitor_name": "defaultMonitor",
    "monitor_width": 53.0,
    "screen_color": "black",
    "trigger": {
        "dummy_mode": true,
        "trigger_limit": 60,
        "trigger_params": [
            "block_type",
            "acc",
            "trial_type"
        ],
        "trigger_time": 0.004
    }
}
-----------------------------
4.4701 	INFO 	Screen resolution detected: 1920x1080
4.4703 	WARNING 	Monitor specification not found. Creating a temporary one...
4.4704 	INFO 	Monitor Profile: defaultMonitor
4.4704 	INFO 	Physical Width: 53.0 cm
4.4704 	INFO 	Viewing Distance: 60.0 cm
4.4704 	INFO 	Resolution: [1920, 1080] px
4.4704 	INFO 	---------------------------------------
4.4801 	WARNING 	User requested fullscreen with size [800 600], but screen is actually [1920, 1080]. Using actual size
5.3741 	EXP 	Created window1 = Window(allowGUI=True, allowStencil=False, autoLog=True, backendConf=UNKNOWN, backgroundFit=<method-wrapper '__getattribute__' of attributeSetter object at 0x000002ECA1F724D0>, backgroundImage=<method-wrapper '__getattribute__' of attributeSetter object at 0x000002ECA1F72470>, bitsMode=UNKNOWN, blendMode='avg', bpc=(8, 8, 8), color=array([-1, -1, -1]), colorSpace='rgb', depthBits=8, fullscr=True, gamma=None, gammaErrorPolicy='raise', infoMsg=UNKNOWN, lms=UNKNOWN, monitor=<psychopy.monitors.calibTools.Monitor object at 0x000002EC966256C0>, multiSample=False, name='window1', numSamples=2, pos=(0, 0), screen=0, size=array([1920, 1080]), stencilBits=0, stereo=False, title='PsychoPy', units='pix', useFBO=False, useRetina=False, viewOri=0.0, viewPos=None, viewScale=None, waitBlanking=True, winType='pyglet')
5.3741 	EXP 	window1: backgroundImage = None
5.3741 	EXP 	window1: backgroundFit = 'cover'
5.3741 	INFO 	Mouse: using default window
5.3744 	INFO 	Presenting sequence screen: training.txt
5.3744 	INFO 	Displaying info screen: messages\training.txt
5.4479 	EXP 	Created unnamed TextStim = TextStim(__class__=<class 'psychopy.visual.text.TextStim'>, alignHoriz=method-wrapper(...), alignText='center', alignVert=method-wrapper(...), anchorHoriz='center', anchorVert='center', antialias=True, autoDraw=False, autoLog=True, bold=False, color=array([1., 1., 1.]), colorSpace='rgb', contrast=1.0, depth=0, draggable=False, flipHoriz=False, flipVert=False, font='Windings', fontFiles=[], height=24.0, italic=False, languageStyle='LTR', name='unnamed TextStim', opacity=1.0, ori=0.0, pos=array([0., 0.]), rgb=UNKNOWN, text='trening', units='pix', win=Window(...), wrapWidth=800)
6.2666 	DATA 	Keypress: space
6.2667 	INFO 	Info screen confirmed by participant: messages\training.txt
6.2679 	INFO 	Single screen presented for "training".
6.2681 	INFO 	Presenting sequence screen: experiment.txt
6.2681 	INFO 	Displaying info screen: messages\experiment.txt
6.2761 	EXP 	Created unnamed TextStim = TextStim(__class__=<class 'psychopy.visual.text.TextStim'>, alignHoriz=method-wrapper(...), alignText='center', alignVert=method-wrapper(...), anchorHoriz='center', anchorVert='center', antialias=True, autoDraw=False, autoLog=True, bold=False, color=array([1., 1., 1.]), colorSpace='rgb', contrast=1.0, depth=0, draggable=False, flipHoriz=False, flipVert=False, font='Windings', fontFiles=[], height=24.0, italic=False, languageStyle='LTR', name='unnamed TextStim', opacity=1.0, ori=0.0, pos=array([0., 0.]), rgb=UNKNOWN, text='eksperyment', units='pix', win=Window(...), wrapWidth=800)
6.9706 	DATA 	Keypress: space
6.9708 	INFO 	Info screen confirmed by participant: messages\experiment.txt
6.9718 	INFO 	Single screen presented for "experiment".
6.9720 	INFO 	Presenting sequence screen: end.txt
6.9720 	INFO 	Displaying info screen: messages\end.txt
6.9893 	EXP 	Created unnamed TextStim = TextStim(__class__=<class 'psychopy.visual.text.TextStim'>, alignHoriz=method-wrapper(...), alignText='center', alignVert=method-wrapper(...), anchorHoriz='center', anchorVert='center', antialias=True, autoDraw=False, autoLog=True, bold=False, color=array([1., 1., 1.]), colorSpace='rgb', contrast=1.0, depth=0, draggable=False, flipHoriz=False, flipVert=False, font='Windings', fontFiles=[], height=24.0, italic=False, languageStyle='LTR', name='unnamed TextStim', opacity=1.0, ori=0.0, pos=array([0., 0.]), rgb=UNKNOWN, text=str(...), units='pix', win=Window(...), wrapWidth=800)
8.5161 	DATA 	Keypress: space
8.5164 	INFO 	Info screen confirmed by participant: messages\end.txt
8.5175 	INFO 	Single screen presented for "end".
8.5914 	WARNING 	No results to save - skipping CSV creation.
